2023-07-14 17:22:24,386 [Worker-2: Loading available Gradle versions] INFO  o.e.b.c.i.u.g.PublishedGradleVersions - Gradle version information cache is not available. Remote download required.
2023-08-23 11:55:51,133 [Worker-2: Loading available Gradle versions] INFO  o.e.b.c.i.u.g.PublishedGradleVersions - Gradle version information cache is out-of-date. Trying to update.
2023-08-23 15:09:10,245 [Worker-5: Loading available Gradle versions] INFO  o.e.b.c.i.u.g.PublishedGradleVersions - Gradle version information cache is up-to-date. Trying to read.
2023-08-23 15:49:04,561 [Worker-1: Loading available Gradle versions] INFO  o.e.b.c.i.u.g.PublishedGradleVersions - Gradle version information cache is up-to-date. Trying to read.
2023-08-23 15:49:20,556 [Start Help Server] INFO  org.eclipse.jetty.util.log - Logging initialized @37793ms to org.eclipse.jetty.util.log.Slf4jLog
2023-08-23 15:49:20,654 [Start Help Server] INFO  org.eclipse.jetty.server.Server - jetty-9.4.27.v20200227; built: 2020-03-02T14:40:42.212Z; git: a304fd9f351f337e7c0e2a7c28878dd536149c6c; jvm 1.8.0_271-b09
2023-08-23 15:49:20,671 [Start Help Server] INFO  org.eclipse.jetty.server.session - DefaultSessionIdManager workerName=node0
2023-08-23 15:49:20,671 [Start Help Server] INFO  org.eclipse.jetty.server.session - No SessionScavenger set, using defaults
2023-08-23 15:49:20,672 [Start Help Server] INFO  org.eclipse.jetty.server.session - node0 Scavenging every 660000ms
2023-08-23 15:49:20,694 [Start Help Server] INFO  o.e.j.server.handler.ContextHandler - Started o.e.j.s.ServletContextHandler@73c8a5bc{/help,null,AVAILABLE}
2023-08-23 15:49:20,708 [Start Help Server] INFO  o.e.jetty.server.AbstractConnector - Started ServerConnector@91ac512{HTTP/1.1, (http/1.1)}{127.0.0.1:64062}
2023-08-23 15:49:20,708 [Start Help Server] INFO  org.eclipse.jetty.server.Server - Started @37946ms
2023-08-23 15:49:20,708 [Start Help Server] INFO  org.eclipse.jetty.server.session - node0 Scavenging every 726000ms
2023-08-23 15:49:31,318 [Stop Help Server] INFO  o.e.jetty.server.AbstractConnector - Stopped ServerConnector@91ac512{HTTP/1.1, (http/1.1)}{127.0.0.1:0}
2023-08-23 15:49:31,319 [Stop Help Server] INFO  org.eclipse.jetty.server.session - node0 Stopped scavenging
2023-08-23 15:49:31,342 [Stop Help Server] INFO  o.e.j.server.handler.ContextHandler - Stopped o.e.j.s.ServletContextHandler@73c8a5bc{/help,null,UNAVAILABLE}
2023-08-23 15:49:44,217 [Worker-0: Loading available Gradle versions] INFO  o.e.b.c.i.u.g.PublishedGradleVersions - Gradle version information cache is up-to-date. Trying to read.
2023-08-24 10:37:47,086 [Worker-1: Loading available Gradle versions] INFO  o.e.b.c.i.u.g.PublishedGradleVersions - Gradle version information cache is up-to-date. Trying to read.
2023-08-25 09:17:53,664 [Worker-0: Loading available Gradle versions] INFO  o.e.b.c.i.u.g.PublishedGradleVersions - Gradle version information cache is out-of-date. Trying to update.
2023-08-28 09:28:44,030 [Worker-2: Loading available Gradle versions] INFO  o.e.b.c.i.u.g.PublishedGradleVersions - Gradle version information cache is out-of-date. Trying to update.
2023-08-29 09:47:40,051 [Worker-0: Loading available Gradle versions] INFO  o.e.b.c.i.u.g.PublishedGradleVersions - Gradle version information cache is out-of-date. Trying to update.
2023-08-30 09:10:40,288 [Worker-22: Loading available Gradle versions] INFO  o.e.b.c.i.u.g.PublishedGradleVersions - Gradle version information cache is up-to-date. Trying to read.
2023-08-31 09:18:34,402 [Worker-0: Loading available Gradle versions] INFO  o.e.b.c.i.u.g.PublishedGradleVersions - Gradle version information cache is out-of-date. Trying to update.
2023-09-01 09:28:13,639 [Worker-2: Loading available Gradle versions] INFO  o.e.b.c.i.u.g.PublishedGradleVersions - Gradle version information cache is out-of-date. Trying to update.
2023-09-04 13:36:20,472 [Worker-0: Loading available Gradle versions] INFO  o.e.b.c.i.u.g.PublishedGradleVersions - Gradle version information cache is out-of-date. Trying to update.
2023-09-05 09:20:06,332 [Worker-1: Loading available Gradle versions] INFO  o.e.b.c.i.u.g.PublishedGradleVersions - Gradle version information cache is up-to-date. Trying to read.
2023-09-05 17:19:22,242 [Worker-0: Loading available Gradle versions] INFO  o.e.b.c.i.u.g.PublishedGradleVersions - Gradle version information cache is up-to-date. Trying to read.
2023-09-05 17:56:39,485 [Worker-1: Loading available Gradle versions] INFO  o.e.b.c.i.u.g.PublishedGradleVersions - Gradle version information cache is up-to-date. Trying to read.
2023-09-05 18:19:56,905 [Worker-3: Loading available Gradle versions] INFO  o.e.b.c.i.u.g.PublishedGradleVersions - Gradle version information cache is up-to-date. Trying to read.
2023-09-05 18:24:13,221 [Worker-4: Loading available Gradle versions] INFO  o.e.b.c.i.u.g.PublishedGradleVersions - Gradle version information cache is up-to-date. Trying to read.
